<?xml version="1.0" encoding="UTF-8"?>
<!-- Generated by org.testng.reporters.JUnitReportReporter -->
<testsuite hostname="LAPTOP-SI22S4K0" failures="0" tests="1" name="testCase.AccountRegistration" time="11.631" errors="0" timestamp="2023-06-27T11:56:57 IST" skipped="0">
  <testcase classname="testCase.AccountRegistration" name="newUser" time="11.631"/>
  <system-out/>
</testsuite> <!-- testCase.AccountRegistration -->
