<?xml version="1.0" encoding="UTF-8"?>
<!-- Generated by org.testng.reporters.JUnitReportReporter -->
<testsuite hostname="LAPTOP-SI22S4K0" failures="0" tests="2" name="testCase.LoginTest$Login" time="7.572" errors="0" timestamp="2023-06-26T18:19:18 IST" skipped="0">
  <testcase classname="testCase.LoginTest$Login" name="verifyLoginWithValidCredentials" time="4.230"/>
  <system-out/>
  <testcase classname="testCase.LoginTest$Login" name="verifyLoginWithInvalidCredentials" time="3.342"/>
  <system-out/>
</testsuite> <!-- testCase.LoginTest$Login -->
