<?xml version="1.0" encoding="UTF-8"?>
<!-- Generated by org.testng.reporters.JUnitReportReporter -->
<testsuite hostname="SoumojitPC" failures="0" tests="1" name="testCase.AccountRegistration" time="5.288" errors="0" timestamp="2023-06-26T15:42:34 IST" skipped="0">
  <testcase classname="testCase.AccountRegistration" name="registerUser" time="5.288"/>
  <system-out/>
</testsuite> <!-- testCase.AccountRegistration -->
