<?xml version="1.0" encoding="UTF-8"?>
<!-- Generated by org.testng.reporters.JUnitReportReporter -->
<testsuite hostname="LAPTOP-SI22S4K0" failures="0" tests="1" name="testCase.LoginTest" time="9.667" errors="0" timestamp="2023-06-27T11:55:01 IST" skipped="0">
  <testcase classname="testCase.LoginTest" name="verifyLoginWithInvalidCredentials" time="9.667"/>
  <system-out/>
</testsuite> <!-- testCase.LoginTest -->
