<?xml version="1.0" encoding="UTF-8"?>
<!-- Generated by org.testng.reporters.JUnitReportReporter -->
<testsuite hostname="LAPTOP-SI22S4K0" failures="0" tests="1" name="testCase.AccountRegistration" time="9.871" errors="0" timestamp="2023-06-26T23:24:38 IST" skipped="0">
  <testcase classname="testCase.AccountRegistration" name="registerWithExistingCredentials" time="9.871"/>
  <system-out/>
</testsuite> <!-- testCase.AccountRegistration -->
